<?xml version="1.0" encoding="UTF-8"?>
<testng-results skipped="0" failed="0" ignored="0" total="1" passed="1">
  <reporter-output>
  </reporter-output>
  <suite name="Default suite" duration-ms="10221" started-at="2020-08-25T20:51:40 PDT" finished-at="2020-08-25T20:51:50 PDT">
    <groups>
    </groups>
    <test name="Default test" duration-ms="10221" started-at="2020-08-25T20:51:40 PDT" finished-at="2020-08-25T20:51:50 PDT">
      <class name="org.maven.sample.project.test.SampleTest">
        <test-method status="PASS" signature="test()[pri:0, instance:org.maven.sample.project.test.SampleTest@578486a3]" name="test" duration-ms="10128" started-at="2020-08-25T20:51:40 PDT" finished-at="2020-08-25T20:51:50 PDT">
          <reporter-output>
          </reporter-output>
        </test-method> <!-- test -->
      </class> <!-- org.maven.sample.project.test.SampleTest -->
    </test> <!-- Default test -->
  </suite> <!-- Default suite -->
</testng-results>
